03:01:47 INFO  : Registering command handlers for SDK TCF services
03:01:48 INFO  : Launching XSCT server: xsct -n -interactive /home/matsano/project_ARM_DualCore/project_ARM_DualCore.sdk/temp_xsdb_launch_script.tcl
03:01:50 INFO  : XSCT server has started successfully.
03:01:50 INFO  : Successfully done setting XSCT server connection channel  
03:01:50 INFO  : Successfully done setting SDK workspace  
03:01:50 INFO  : Processing command line option -hwspec /home/matsano/project_ARM_DualCore/project_ARM_DualCore.sdk/design_1_wrapper.hdf.
03:02:52 INFO  : Refreshed build settings on project ARM0
03:03:13 INFO  : Refreshed build settings on project ARM1
03:06:39 INFO  : 'targets -set -filter {jtag_cable_name =~ "Digilent Zed 210248687027" && level==0} -index 1' command is executed.
03:06:39 INFO  : 'fpga -state' command is executed.
03:06:49 INFO  : Memory regions updated for context APU
03:06:55 INFO  : Connected to target on host '127.0.0.1' and port '3121'.
03:06:55 INFO  : 'targets -set -filter {jtag_cable_name =~ "Digilent Zed 210248687027" && level==0} -index 1' command is executed.
03:06:58 INFO  : FPGA configured successfully with bitstream "/home/matsano/project_ARM_DualCore/project_ARM_DualCore.sdk/design_1_wrapper_hw_platform_0/design_1_wrapper.bit"
03:07:05 INFO  : 'targets -set -filter {jtag_cable_name =~ "Digilent Zed 210248687027" && level==0} -index 1' command is executed.
03:07:05 INFO  : 'fpga -state' command is executed.
03:07:05 INFO  : Connected to target on host '127.0.0.1' and port '3121'.
03:07:05 INFO  : Jtag cable 'Digilent Zed 210248687027' is selected.
03:07:05 INFO  : 'jtag frequency' command is executed.
03:07:05 INFO  : Sourcing of '/home/matsano/project_ARM_DualCore/project_ARM_DualCore.sdk/design_1_wrapper_hw_platform_0/ps7_init.tcl' is done.
03:07:05 INFO  : Context for 'APU' is selected.
03:07:05 INFO  : Hardware design information is loaded from '/home/matsano/project_ARM_DualCore/project_ARM_DualCore.sdk/design_1_wrapper_hw_platform_0/system.hdf'.
03:07:05 INFO  : 'configparams force-mem-access 1' command is executed.
03:07:05 INFO  : Context for 'APU' is selected.
03:07:05 INFO  : 'stop' command is executed.
03:07:05 INFO  : 'ps7_init' command is executed.
03:07:05 INFO  : 'ps7_post_config' command is executed.
03:07:05 INFO  : Context for processor 'ps7_cortexa9_0' is selected.
03:07:06 INFO  : Processor reset is completed for 'ps7_cortexa9_0'.
03:07:06 INFO  : Context for processor 'ps7_cortexa9_0' is selected.
03:07:06 INFO  : The application '/home/matsano/project_ARM_DualCore/project_ARM_DualCore.sdk/ARM0/Debug/ARM0.elf' is downloaded to processor 'ps7_cortexa9_0'.
03:07:06 INFO  : 'configparams force-mem-access 0' command is executed.
03:07:06 INFO  : ----------------XSDB Script----------------
connect -url tcp:127.0.0.1:3121
source /home/matsano/project_ARM_DualCore/project_ARM_DualCore.sdk/design_1_wrapper_hw_platform_0/ps7_init.tcl
targets -set -nocase -filter {name =~"APU*" && jtag_cable_name =~ "Digilent Zed 210248687027"} -index 0
loadhw -hw /home/matsano/project_ARM_DualCore/project_ARM_DualCore.sdk/design_1_wrapper_hw_platform_0/system.hdf -mem-ranges [list {0x40000000 0xbfffffff}]
configparams force-mem-access 1
targets -set -nocase -filter {name =~"APU*" && jtag_cable_name =~ "Digilent Zed 210248687027"} -index 0
stop
ps7_init
ps7_post_config
targets -set -nocase -filter {name =~ "ARM*#0" && jtag_cable_name =~ "Digilent Zed 210248687027"} -index 0
rst -processor
targets -set -nocase -filter {name =~ "ARM*#0" && jtag_cable_name =~ "Digilent Zed 210248687027"} -index 0
dow /home/matsano/project_ARM_DualCore/project_ARM_DualCore.sdk/ARM0/Debug/ARM0.elf
configparams force-mem-access 0
----------------End of Script----------------

03:07:06 INFO  : Memory regions updated for context APU
03:07:06 INFO  : Context for processor 'ps7_cortexa9_0' is selected.
03:07:06 INFO  : 'con' command is executed.
03:07:06 INFO  : ----------------XSDB Script (After Launch)----------------
targets -set -nocase -filter {name =~ "ARM*#0" && jtag_cable_name =~ "Digilent Zed 210248687027"} -index 0
con
----------------End of Script----------------

03:07:06 INFO  : Launch script is exported to file '/home/matsano/project_ARM_DualCore/project_ARM_DualCore.sdk/.sdk/launch_scripts/xilinx_c-c++_application_(system_debugger)/system_debugger_using_debug_arm0.elf_on_local.tcl'
03:07:15 INFO  : Connected to target on host '127.0.0.1' and port '3121'.
03:07:15 INFO  : 'targets -set -filter {jtag_cable_name =~ "Digilent Zed 210248687027" && level==0} -index 1' command is executed.
03:07:18 INFO  : FPGA configured successfully with bitstream "/home/matsano/project_ARM_DualCore/project_ARM_DualCore.sdk/design_1_wrapper_hw_platform_0/design_1_wrapper.bit"
03:07:25 INFO  : Disconnected from the channel tcfchan#1.
03:07:27 INFO  : 'targets -set -filter {jtag_cable_name =~ "Digilent Zed 210248687027" && level==0} -index 1' command is executed.
03:07:27 INFO  : 'fpga -state' command is executed.
03:07:27 INFO  : Connected to target on host '127.0.0.1' and port '3121'.
03:07:27 INFO  : Jtag cable 'Digilent Zed 210248687027' is selected.
03:07:27 INFO  : 'jtag frequency' command is executed.
03:07:27 INFO  : Sourcing of '/home/matsano/project_ARM_DualCore/project_ARM_DualCore.sdk/design_1_wrapper_hw_platform_0/ps7_init.tcl' is done.
03:07:27 INFO  : Context for 'APU' is selected.
03:07:27 INFO  : Hardware design information is loaded from '/home/matsano/project_ARM_DualCore/project_ARM_DualCore.sdk/design_1_wrapper_hw_platform_0/system.hdf'.
03:07:27 INFO  : 'configparams force-mem-access 1' command is executed.
03:07:27 INFO  : Context for 'APU' is selected.
03:07:27 INFO  : 'stop' command is executed.
03:07:28 INFO  : 'ps7_init' command is executed.
03:07:28 INFO  : 'ps7_post_config' command is executed.
03:07:28 INFO  : Context for processor 'ps7_cortexa9_1' is selected.
03:07:28 INFO  : Processor reset is completed for 'ps7_cortexa9_1'.
03:07:28 INFO  : Context for processor 'ps7_cortexa9_1' is selected.
03:07:28 INFO  : The application '/home/matsano/project_ARM_DualCore/project_ARM_DualCore.sdk/ARM1/Debug/ARM1.elf' is downloaded to processor 'ps7_cortexa9_1'.
03:07:28 INFO  : 'configparams force-mem-access 0' command is executed.
03:07:28 INFO  : ----------------XSDB Script----------------
connect -url tcp:127.0.0.1:3121
source /home/matsano/project_ARM_DualCore/project_ARM_DualCore.sdk/design_1_wrapper_hw_platform_0/ps7_init.tcl
targets -set -nocase -filter {name =~"APU*" && jtag_cable_name =~ "Digilent Zed 210248687027"} -index 0
loadhw -hw /home/matsano/project_ARM_DualCore/project_ARM_DualCore.sdk/design_1_wrapper_hw_platform_0/system.hdf -mem-ranges [list {0x40000000 0xbfffffff}]
configparams force-mem-access 1
targets -set -nocase -filter {name =~"APU*" && jtag_cable_name =~ "Digilent Zed 210248687027"} -index 0
stop
ps7_init
ps7_post_config
targets -set -nocase -filter {name =~ "ARM*#1" && jtag_cable_name =~ "Digilent Zed 210248687027"} -index 0
rst -processor
targets -set -nocase -filter {name =~ "ARM*#1" && jtag_cable_name =~ "Digilent Zed 210248687027"} -index 0
dow /home/matsano/project_ARM_DualCore/project_ARM_DualCore.sdk/ARM1/Debug/ARM1.elf
configparams force-mem-access 0
----------------End of Script----------------

03:07:28 INFO  : Memory regions updated for context APU
03:07:28 INFO  : Context for processor 'ps7_cortexa9_1' is selected.
03:07:28 INFO  : 'con' command is executed.
03:07:28 INFO  : ----------------XSDB Script (After Launch)----------------
targets -set -nocase -filter {name =~ "ARM*#1" && jtag_cable_name =~ "Digilent Zed 210248687027"} -index 0
con
----------------End of Script----------------

03:07:28 INFO  : Launch script is exported to file '/home/matsano/project_ARM_DualCore/project_ARM_DualCore.sdk/.sdk/launch_scripts/xilinx_c-c++_application_(system_debugger)/system_debugger_using_debug_arm1.elf_on_local.tcl'
03:08:21 INFO  : Disconnected from the channel tcfchan#2.
03:08:22 INFO  : Connected to target on host '127.0.0.1' and port '3121'.
03:08:22 INFO  : Jtag cable 'Digilent Zed 210248687027' is selected.
03:08:22 INFO  : 'jtag frequency' command is executed.
03:08:22 INFO  : Sourcing of '/home/matsano/project_ARM_DualCore/project_ARM_DualCore.sdk/design_1_wrapper_hw_platform_0/ps7_init.tcl' is done.
03:08:22 INFO  : 'targets -set -filter {jtag_cable_name =~ "Digilent Zed 210248687027" && level==0} -index 1' command is executed.
03:08:25 INFO  : FPGA configured successfully with bitstream "/home/matsano/project_ARM_DualCore/project_ARM_DualCore.sdk/design_1_wrapper_hw_platform_0/design_1_wrapper.bit"
03:08:25 INFO  : Context for 'APU' is selected.
03:08:25 INFO  : Hardware design information is loaded from '/home/matsano/project_ARM_DualCore/project_ARM_DualCore.sdk/design_1_wrapper_hw_platform_0/system.hdf'.
03:08:25 INFO  : 'configparams force-mem-access 1' command is executed.
03:08:25 INFO  : Context for 'APU' is selected.
03:08:25 INFO  : 'stop' command is executed.
03:08:26 INFO  : 'ps7_init' command is executed.
03:08:26 INFO  : 'ps7_post_config' command is executed.
03:08:26 INFO  : Context for processor 'ps7_cortexa9_0' is selected.
03:08:26 INFO  : Processor reset is completed for 'ps7_cortexa9_0'.
03:08:26 INFO  : Context for processor 'ps7_cortexa9_0' is selected.
03:08:26 INFO  : The application '/home/matsano/project_ARM_DualCore/project_ARM_DualCore.sdk/ARM0/Debug/ARM0.elf' is downloaded to processor 'ps7_cortexa9_0'.
03:08:26 INFO  : Context for processor 'ps7_cortexa9_1' is selected.
03:08:26 INFO  : The application '/home/matsano/project_ARM_DualCore/project_ARM_DualCore.sdk/ARM1/Debug/ARM1.elf' is downloaded to processor 'ps7_cortexa9_1'.
03:08:26 INFO  : 'configparams force-mem-access 0' command is executed.
03:08:26 INFO  : ----------------XSDB Script----------------
connect -url tcp:127.0.0.1:3121
source /home/matsano/project_ARM_DualCore/project_ARM_DualCore.sdk/design_1_wrapper_hw_platform_0/ps7_init.tcl
targets -set -filter {jtag_cable_name =~ "Digilent Zed 210248687027" && level==0} -index 1
fpga -file /home/matsano/project_ARM_DualCore/project_ARM_DualCore.sdk/design_1_wrapper_hw_platform_0/design_1_wrapper.bit
targets -set -nocase -filter {name =~"APU*" && jtag_cable_name =~ "Digilent Zed 210248687027"} -index 0
loadhw -hw /home/matsano/project_ARM_DualCore/project_ARM_DualCore.sdk/design_1_wrapper_hw_platform_0/system.hdf -mem-ranges [list {0x40000000 0xbfffffff}]
configparams force-mem-access 1
targets -set -nocase -filter {name =~"APU*" && jtag_cable_name =~ "Digilent Zed 210248687027"} -index 0
stop
ps7_init
ps7_post_config
targets -set -nocase -filter {name =~ "ARM*#0" && jtag_cable_name =~ "Digilent Zed 210248687027"} -index 0
rst -processor
targets -set -nocase -filter {name =~ "ARM*#0" && jtag_cable_name =~ "Digilent Zed 210248687027"} -index 0
dow /home/matsano/project_ARM_DualCore/project_ARM_DualCore.sdk/ARM0/Debug/ARM0.elf
targets -set -nocase -filter {name =~ "ARM*#1" && jtag_cable_name =~ "Digilent Zed 210248687027"} -index 0
dow /home/matsano/project_ARM_DualCore/project_ARM_DualCore.sdk/ARM1/Debug/ARM1.elf
configparams force-mem-access 0
----------------End of Script----------------

03:08:26 INFO  : Memory regions updated for context APU
03:08:26 INFO  : Context for processor 'ps7_cortexa9_0' is selected.
03:08:26 INFO  : 'con' command is executed.
03:08:26 INFO  : Context for processor 'ps7_cortexa9_1' is selected.
03:08:26 INFO  : 'con' command is executed.
03:08:26 INFO  : ----------------XSDB Script (After Launch)----------------
targets -set -nocase -filter {name =~ "ARM*#0" && jtag_cable_name =~ "Digilent Zed 210248687027"} -index 0
con
targets -set -nocase -filter {name =~ "ARM*#1" && jtag_cable_name =~ "Digilent Zed 210248687027"} -index 0
con
----------------End of Script----------------

03:08:26 INFO  : Launch script is exported to file '/home/matsano/project_ARM_DualCore/project_ARM_DualCore.sdk/.sdk/launch_scripts/xilinx_c-c++_application_(system_debugger)/system_debugger_using_debug_arm1.elf_on_local.tcl'
03:10:12 INFO  : Disconnected from the channel tcfchan#3.
03:10:13 INFO  : Connected to target on host '127.0.0.1' and port '3121'.
03:10:13 INFO  : Jtag cable 'Digilent Zed 210248687027' is selected.
03:10:13 INFO  : 'jtag frequency' command is executed.
03:10:13 INFO  : Sourcing of '/home/matsano/project_ARM_DualCore/project_ARM_DualCore.sdk/design_1_wrapper_hw_platform_0/ps7_init.tcl' is done.
03:10:13 INFO  : 'targets -set -filter {jtag_cable_name =~ "Digilent Zed 210248687027" && level==0} -index 1' command is executed.
03:10:15 INFO  : FPGA configured successfully with bitstream "/home/matsano/project_ARM_DualCore/project_ARM_DualCore.sdk/design_1_wrapper_hw_platform_0/design_1_wrapper.bit"
03:10:15 INFO  : Context for 'APU' is selected.
03:10:16 INFO  : Hardware design information is loaded from '/home/matsano/project_ARM_DualCore/project_ARM_DualCore.sdk/design_1_wrapper_hw_platform_0/system.hdf'.
03:10:16 INFO  : 'configparams force-mem-access 1' command is executed.
03:10:16 INFO  : Context for 'APU' is selected.
03:10:16 INFO  : 'stop' command is executed.
03:10:16 INFO  : 'ps7_init' command is executed.
03:10:16 INFO  : 'ps7_post_config' command is executed.
03:10:16 INFO  : Context for processor 'ps7_cortexa9_0' is selected.
03:10:16 INFO  : Processor reset is completed for 'ps7_cortexa9_0'.
03:10:16 INFO  : Context for processor 'ps7_cortexa9_0' is selected.
03:10:17 INFO  : The application '/home/matsano/project_ARM_DualCore/project_ARM_DualCore.sdk/ARM0/Debug/ARM0.elf' is downloaded to processor 'ps7_cortexa9_0'.
03:10:17 INFO  : Context for processor 'ps7_cortexa9_1' is selected.
03:10:17 ERROR : Memory write error at 0x2005000. MMU section translation fault
03:10:17 INFO  : ----------------XSDB Script----------------
connect -url tcp:127.0.0.1:3121
source /home/matsano/project_ARM_DualCore/project_ARM_DualCore.sdk/design_1_wrapper_hw_platform_0/ps7_init.tcl
targets -set -filter {jtag_cable_name =~ "Digilent Zed 210248687027" && level==0} -index 1
fpga -file /home/matsano/project_ARM_DualCore/project_ARM_DualCore.sdk/design_1_wrapper_hw_platform_0/design_1_wrapper.bit
targets -set -nocase -filter {name =~"APU*" && jtag_cable_name =~ "Digilent Zed 210248687027"} -index 0
loadhw -hw /home/matsano/project_ARM_DualCore/project_ARM_DualCore.sdk/design_1_wrapper_hw_platform_0/system.hdf -mem-ranges [list {0x40000000 0xbfffffff}]
configparams force-mem-access 1
targets -set -nocase -filter {name =~"APU*" && jtag_cable_name =~ "Digilent Zed 210248687027"} -index 0
stop
ps7_init
ps7_post_config
targets -set -nocase -filter {name =~ "ARM*#0" && jtag_cable_name =~ "Digilent Zed 210248687027"} -index 0
rst -processor
targets -set -nocase -filter {name =~ "ARM*#0" && jtag_cable_name =~ "Digilent Zed 210248687027"} -index 0
dow /home/matsano/project_ARM_DualCore/project_ARM_DualCore.sdk/ARM0/Debug/ARM0.elf
targets -set -nocase -filter {name =~ "ARM*#1" && jtag_cable_name =~ "Digilent Zed 210248687027"} -index 0
dow /home/matsano/project_ARM_DualCore/project_ARM_DualCore.sdk/ARM1/Debug/ARM1.elf
----------------End of Script----------------

03:10:51 INFO  : Connected to target on host '127.0.0.1' and port '3121'.
03:10:51 INFO  : Jtag cable 'Digilent Zed 210248687027' is selected.
03:10:51 INFO  : 'jtag frequency' command is executed.
03:10:51 INFO  : Sourcing of '/home/matsano/project_ARM_DualCore/project_ARM_DualCore.sdk/design_1_wrapper_hw_platform_0/ps7_init.tcl' is done.
03:10:51 INFO  : 'targets -set -filter {jtag_cable_name =~ "Digilent Zed 210248687027" && level==0} -index 1' command is executed.
03:10:53 INFO  : FPGA configured successfully with bitstream "/home/matsano/project_ARM_DualCore/project_ARM_DualCore.sdk/design_1_wrapper_hw_platform_0/design_1_wrapper.bit"
03:10:53 INFO  : Context for 'APU' is selected.
03:10:53 INFO  : Hardware design information is loaded from '/home/matsano/project_ARM_DualCore/project_ARM_DualCore.sdk/design_1_wrapper_hw_platform_0/system.hdf'.
03:10:53 INFO  : 'configparams force-mem-access 1' command is executed.
03:10:53 INFO  : Context for 'APU' is selected.
03:10:53 INFO  : 'stop' command is executed.
03:10:54 INFO  : 'ps7_init' command is executed.
03:10:54 INFO  : 'ps7_post_config' command is executed.
03:10:54 INFO  : Context for processor 'ps7_cortexa9_0' is selected.
03:10:54 INFO  : Processor reset is completed for 'ps7_cortexa9_0'.
03:10:54 INFO  : Context for processor 'ps7_cortexa9_0' is selected.
03:10:54 INFO  : The application '/home/matsano/project_ARM_DualCore/project_ARM_DualCore.sdk/ARM0/Debug/ARM0.elf' is downloaded to processor 'ps7_cortexa9_0'.
03:10:54 INFO  : Context for processor 'ps7_cortexa9_1' is selected.
03:10:54 INFO  : The application '/home/matsano/project_ARM_DualCore/project_ARM_DualCore.sdk/ARM1/Debug/ARM1.elf' is downloaded to processor 'ps7_cortexa9_1'.
03:10:54 INFO  : 'configparams force-mem-access 0' command is executed.
03:10:54 INFO  : ----------------XSDB Script----------------
connect -url tcp:127.0.0.1:3121
source /home/matsano/project_ARM_DualCore/project_ARM_DualCore.sdk/design_1_wrapper_hw_platform_0/ps7_init.tcl
targets -set -filter {jtag_cable_name =~ "Digilent Zed 210248687027" && level==0} -index 1
fpga -file /home/matsano/project_ARM_DualCore/project_ARM_DualCore.sdk/design_1_wrapper_hw_platform_0/design_1_wrapper.bit
targets -set -nocase -filter {name =~"APU*" && jtag_cable_name =~ "Digilent Zed 210248687027"} -index 0
loadhw -hw /home/matsano/project_ARM_DualCore/project_ARM_DualCore.sdk/design_1_wrapper_hw_platform_0/system.hdf -mem-ranges [list {0x40000000 0xbfffffff}]
configparams force-mem-access 1
targets -set -nocase -filter {name =~"APU*" && jtag_cable_name =~ "Digilent Zed 210248687027"} -index 0
stop
ps7_init
ps7_post_config
targets -set -nocase -filter {name =~ "ARM*#0" && jtag_cable_name =~ "Digilent Zed 210248687027"} -index 0
rst -processor
targets -set -nocase -filter {name =~ "ARM*#0" && jtag_cable_name =~ "Digilent Zed 210248687027"} -index 0
dow /home/matsano/project_ARM_DualCore/project_ARM_DualCore.sdk/ARM0/Debug/ARM0.elf
targets -set -nocase -filter {name =~ "ARM*#1" && jtag_cable_name =~ "Digilent Zed 210248687027"} -index 0
dow /home/matsano/project_ARM_DualCore/project_ARM_DualCore.sdk/ARM1/Debug/ARM1.elf
configparams force-mem-access 0
----------------End of Script----------------

03:10:54 INFO  : Memory regions updated for context APU
03:10:54 INFO  : Context for processor 'ps7_cortexa9_0' is selected.
03:10:54 INFO  : 'con' command is executed.
03:10:54 INFO  : Context for processor 'ps7_cortexa9_1' is selected.
03:10:54 INFO  : 'con' command is executed.
03:10:54 INFO  : ----------------XSDB Script (After Launch)----------------
targets -set -nocase -filter {name =~ "ARM*#0" && jtag_cable_name =~ "Digilent Zed 210248687027"} -index 0
con
targets -set -nocase -filter {name =~ "ARM*#1" && jtag_cable_name =~ "Digilent Zed 210248687027"} -index 0
con
----------------End of Script----------------

03:10:54 INFO  : Launch script is exported to file '/home/matsano/project_ARM_DualCore/project_ARM_DualCore.sdk/.sdk/launch_scripts/xilinx_c-c++_application_(system_debugger)/system_debugger_using_debug_arm1.elf_on_local.tcl'
03:11:24 INFO  : Disconnected from the channel tcfchan#4.
